# JRE version: Java(TM) SE Runtime Environment (8.0_162-b12) (build 1.8.0_162-b12)
# Java VM: Java HotSpot(TM) 64-Bit Server VM (25.162-b12 mixed mode bsd-amd64 compressed oops)
Heap:
 PSYoungGen      total 230400K, used 27325K [0x00000007b0000000, 0x00000007c0000000, 0x00000007c0000000)
  eden space 202752K, 0% used [0x00000007b0000000,0x00000007b0000000,0x00000007bc600000)
  from space 27648K, 98% used [0x00000007bc600000,0x00000007be0af5b0,0x00000007be100000)
  to   space 31744K, 0% used [0x00000007be100000,0x00000007be100000,0x00000007c0000000)
 ParOldGen       total 524288K, used 52881K [0x0000000790000000, 0x00000007b0000000, 0x00000007b0000000)
  object space 524288K, 10% used [0x0000000790000000,0x00000007933a45a8,0x00000007b0000000)
 Metaspace       used 57234K, capacity 59118K, committed 59160K, reserved 1099776K
  class space    used 7516K, capacity 8219K, committed 8240K, reserved 1048576K
GC Heap History (10 events):
Event: 16.278 GC heap after
Heap after GC invocations=17 (full 2):
 PSYoungGen      total 239104K, used 19478K [0x00000007b0000000, 0x00000007c0000000, 0x00000007c0000000)
  eden space 219136K, 0% used [0x00000007b0000000,0x00000007b0000000,0x00000007bd600000)
  from space 19968K, 97% used [0x00000007bd600000,0x00000007be905860,0x00000007be980000)
  to   space 23040K, 0% used [0x00000007be980000,0x00000007be980000,0x00000007c0000000)
 ParOldGen       total 524288K, used 40751K [0x0000000790000000, 0x00000007b0000000, 0x00000007b0000000)
  object space 524288K, 7% used [0x0000000790000000,0x00000007927cbd90,0x00000007b0000000)
 Metaspace       used 48450K, capacity 49304K, committed 49576K, reserved 1093632K
  class space    used 6145K, capacity 6319K, committed 6320K, reserved 1048576K
}
Event: 17.295 GC heap before
{Heap before GC invocations=18 (full 2):
 PSYoungGen      total 239104K, used 238614K [0x00000007b0000000, 0x00000007c0000000, 0x00000007c0000000)
  eden space 219136K, 100% used [0x00000007b0000000,0x00000007bd600000,0x00000007bd600000)
  from space 19968K, 97% used [0x00000007bd600000,0x00000007be905860,0x00000007be980000)
  to   space 23040K, 0% used [0x00000007be980000,0x00000007be980000,0x00000007c0000000)
 ParOldGen       total 524288K, used 40751K [0x0000000790000000, 0x00000007b0000000, 0x00000007b0000000)
  object space 524288K, 7% used [0x0000000790000000,0x00000007927cbd90,0x00000007b0000000)
 Metaspace       used 49871K, capacity 50772K, committed 50856K, reserved 1093632K
  class space    used 6377K, capacity 6565K, committed 6576K, reserved 1048576K
Event: 17.320 GC heap after
Heap after GC invocations=18 (full 2):
 PSYoungGen      total 229888K, used 23017K [0x00000007b0000000, 0x00000007c0000000, 0x00000007c0000000)
  eden space 206848K, 0% used [0x00000007b0000000,0x00000007b0000000,0x00000007bca00000)
  from space 23040K, 99% used [0x00000007be980000,0x00000007bfffa730,0x00000007c0000000)
  to   space 27648K, 0% used [0x00000007bca00000,0x00000007bca00000,0x00000007be500000)
 ParOldGen       total 524288K, used 44757K [0x0000000790000000, 0x00000007b0000000, 0x00000007b0000000)
  object space 524288K, 8% used [0x0000000790000000,0x0000000792bb55b0,0x00000007b0000000)
 Metaspace       used 49871K, capacity 50772K, committed 50856K, reserved 1093632K
  class space    used 6377K, capacity 6565K, committed 6576K, reserved 1048576K
}
Event: 24.057 GC heap before
{Heap before GC invocations=19 (full 2):
 PSYoungGen      total 229888K, used 229865K [0x00000007b0000000, 0x00000007c0000000, 0x00000007c0000000)
  eden space 206848K, 100% used [0x00000007b0000000,0x00000007bca00000,0x00000007bca00000)
  from space 23040K, 99% used [0x00000007be980000,0x00000007bfffa730,0x00000007c0000000)
  to   space 27648K, 0% used [0x00000007bca00000,0x00000007bca00000,0x00000007be500000)
 ParOldGen       total 524288K, used 44757K [0x0000000790000000, 0x00000007b0000000, 0x00000007b0000000)
  object space 524288K, 8% used [0x0000000790000000,0x0000000792bb55b0,0x00000007b0000000)
 Metaspace       used 53934K, capacity 54874K, committed 55080K, reserved 1097728K
  class space    used 6903K, capacity 7106K, committed 7216K, reserved 1048576K
Event: 24.092 GC heap after
Heap after GC invocations=19 (full 2):
 PSYoungGen      total 227840K, used 20502K [0x00000007b0000000, 0x00000007c0000000, 0x00000007c0000000)
  eden space 206848K, 0% used [0x00000007b0000000,0x00000007b0000000,0x00000007bca00000)
  from space 20992K, 97% used [0x00000007bca00000,0x00000007bde05b40,0x00000007bde80000)
  to   space 28672K, 0% used [0x00000007be400000,0x00000007be400000,0x00000007c0000000)
 ParOldGen       total 524288K, used 52865K [0x0000000790000000, 0x00000007b0000000, 0x00000007b0000000)
  object space 524288K, 10% used [0x0000000790000000,0x00000007933a05a8,0x00000007b0000000)
 Metaspace       used 53934K, capacity 54874K, committed 55080K, reserved 1097728K
  class space    used 6903K, capacity 7106K, committed 7216K, reserved 1048576K
}
Event: 26.078 GC heap before
{Heap before GC invocations=20 (full 2):
 PSYoungGen      total 227840K, used 227350K [0x00000007b0000000, 0x00000007c0000000, 0x00000007c0000000)
  eden space 206848K, 100% used [0x00000007b0000000,0x00000007bca00000,0x00000007bca00000)
  from space 20992K, 97% used [0x00000007bca00000,0x00000007bde05b40,0x00000007bde80000)
  to   space 28672K, 0% used [0x00000007be400000,0x00000007be400000,0x00000007c0000000)
 ParOldGen       total 524288K, used 52865K [0x0000000790000000, 0x00000007b0000000, 0x00000007b0000000)
  object space 524288K, 10% used [0x0000000790000000,0x00000007933a05a8,0x00000007b0000000)
 Metaspace       used 55134K, capacity 56440K, committed 56488K, reserved 1097728K
  class space    used 7145K, capacity 7584K, committed 7600K, reserved 1048576K
Event: 26.101 GC heap after
Heap after GC invocations=20 (full 2):
 PSYoungGen      total 231424K, used 21918K [0x00000007b0000000, 0x00000007c0000000, 0x00000007c0000000)
  eden space 202752K, 0% used [0x00000007b0000000,0x00000007b0000000,0x00000007bc600000)
  from space 28672K, 76% used [0x00000007be400000,0x00000007bf9679d0,0x00000007c0000000)
  to   space 29696K, 0% used [0x00000007bc600000,0x00000007bc600000,0x00000007be300000)
 ParOldGen       total 524288K, used 52873K [0x0000000790000000, 0x00000007b0000000, 0x00000007b0000000)
  object space 524288K, 10% used [0x0000000790000000,0x00000007933a25a8,0x00000007b0000000)
 Metaspace       used 55134K, capacity 56440K, committed 56488K, reserved 1097728K
  class space    used 7145K, capacity 7584K, committed 7600K, reserved 1048576K
}
Event: 34.714 GC heap before
{Heap before GC invocations=21 (full 2):
 PSYoungGen      total 231424K, used 166594K [0x00000007b0000000, 0x00000007c0000000, 0x00000007c0000000)
  eden space 202752K, 71% used [0x00000007b0000000,0x00000007b8d491b0,0x00000007bc600000)
  from space 28672K, 76% used [0x00000007be400000,0x00000007bf9679d0,0x00000007c0000000)
  to   space 29696K, 0% used [0x00000007bc600000,0x00000007bc600000,0x00000007be300000)
 ParOldGen       total 524288K, used 52873K [0x0000000790000000, 0x00000007b0000000, 0x00000007b0000000)
  object space 524288K, 10% used [0x0000000790000000,0x00000007933a25a8,0x00000007b0000000)
 Metaspace       used 57234K, capacity 59118K, committed 59160K, reserved 1099776K
  class space    used 7516K, capacity 8219K, committed 8240K, reserved 1048576K
Event: 34.740 GC heap after
Heap after GC invocations=21 (full 2):
 PSYoungGen      total 230400K, used 27325K [0x00000007b0000000, 0x00000007c0000000, 0x00000007c0000000)
  eden space 202752K, 0% used [0x00000007b0000000,0x00000007b0000000,0x00000007bc600000)
  from space 27648K, 98% used [0x00000007bc600000,0x00000007be0af5b0,0x00000007be100000)
  to   space 31744K, 0% used [0x00000007be100000,0x00000007be100000,0x00000007c0000000)
 ParOldGen       total 524288K, used 52881K [0x0000000790000000, 0x00000007b0000000, 0x00000007b0000000)
  object space 524288K, 10% used [0x0000000790000000,0x00000007933a45a8,0x00000007b0000000)
 Metaspace       used 57234K, capacity 59118K, committed 59160K, reserved 1099776K
  class space    used 7516K, capacity 8219K, committed 8240K, reserved 1048576K
}
Event: 34.740 GC heap before
{Heap before GC invocations=22 (full 3):
 PSYoungGen      total 230400K, used 27325K [0x00000007b0000000, 0x00000007c0000000, 0x00000007c0000000)
  eden space 202752K, 0% used [0x00000007b0000000,0x00000007b0000000,0x00000007bc600000)
  from space 27648K, 98% used [0x00000007bc600000,0x00000007be0af5b0,0x00000007be100000)
  to   space 31744K, 0% used [0x00000007be100000,0x00000007be100000,0x00000007c0000000)
 ParOldGen       total 524288K, used 52881K [0x0000000790000000, 0x00000007b0000000, 0x00000007b0000000)
  object space 524288K, 10% used [0x0000000790000000,0x00000007933a45a8,0x00000007b0000000)
 Metaspace       used 57234K, capacity 59118K, committed 59160K, reserved 1099776K
  class space    used 7516K, capacity 8219K, committed 8240K, reserved 1048576K

