# JRE version: Java(TM) SE Runtime Environment (8.0_162-b12) (build 1.8.0_162-b12)
# Java VM: Java HotSpot(TM) 64-Bit Server VM (25.162-b12 mixed mode bsd-amd64 compressed oops)
Heap:
 PSYoungGen      total 76288K, used 31428K [0x000000076ab00000, 0x0000000774000000, 0x00000007c0000000)
  eden space 65536K, 31% used [0x000000076ab00000,0x000000076bf34be8,0x000000076eb00000)
  from space 10752K, 99% used [0x000000076eb00000,0x000000076f57c610,0x000000076f580000)
  to   space 10752K, 99% used [0x0000000773580000,0x0000000773ffc6b8,0x0000000774000000)
 ParOldGen       total 175104K, used 12303K [0x00000006c0000000, 0x00000006cab00000, 0x000000076ab00000)
  object space 175104K, 7% used [0x00000006c0000000,0x00000006c0c03ef0,0x00000006cab00000)
 Metaspace       used 20659K, capacity 21126K, committed 21248K, reserved 1069056K
  class space    used 2328K, capacity 2477K, committed 2560K, reserved 1048576K
GC Heap History (7 events):
Event: 1.815 GC heap before
{Heap before GC invocations=1 (full 0):
 PSYoungGen      total 76288K, used 65536K [0x000000076ab00000, 0x0000000770000000, 0x00000007c0000000)
  eden space 65536K, 100% used [0x000000076ab00000,0x000000076eb00000,0x000000076eb00000)
  from space 10752K, 0% used [0x000000076f580000,0x000000076f580000,0x0000000770000000)
  to   space 10752K, 0% used [0x000000076eb00000,0x000000076eb00000,0x000000076f580000)
 ParOldGen       total 175104K, used 0K [0x00000006c0000000, 0x00000006cab00000, 0x000000076ab00000)
  object space 175104K, 0% used [0x00000006c0000000,0x00000006c0000000,0x00000006cab00000)
 Metaspace       used 11908K, capacity 12290K, committed 12416K, reserved 1060864K
  class space    used 1491K, capacity 1615K, committed 1664K, reserved 1048576K
Event: 1.827 GC heap after
Heap after GC invocations=1 (full 0):
 PSYoungGen      total 76288K, used 8189K [0x000000076ab00000, 0x0000000770000000, 0x00000007c0000000)
  eden space 65536K, 0% used [0x000000076ab00000,0x000000076ab00000,0x000000076eb00000)
  from space 10752K, 76% used [0x000000076eb00000,0x000000076f2ff600,0x000000076f580000)
  to   space 10752K, 0% used [0x000000076f580000,0x000000076f580000,0x0000000770000000)
 ParOldGen       total 175104K, used 16K [0x00000006c0000000, 0x00000006cab00000, 0x000000076ab00000)
  object space 175104K, 0% used [0x00000006c0000000,0x00000006c0004000,0x00000006cab00000)
 Metaspace       used 11908K, capacity 12290K, committed 12416K, reserved 1060864K
  class space    used 1491K, capacity 1615K, committed 1664K, reserved 1048576K
}
Event: 3.059 GC heap before
{Heap before GC invocations=2 (full 0):
 PSYoungGen      total 76288K, used 73725K [0x000000076ab00000, 0x0000000770000000, 0x00000007c0000000)
  eden space 65536K, 100% used [0x000000076ab00000,0x000000076eb00000,0x000000076eb00000)
  from space 10752K, 76% used [0x000000076eb00000,0x000000076f2ff600,0x000000076f580000)
  to   space 10752K, 0% used [0x000000076f580000,0x000000076f580000,0x0000000770000000)
 ParOldGen       total 175104K, used 16K [0x00000006c0000000, 0x00000006cab00000, 0x000000076ab00000)
  object space 175104K, 0% used [0x00000006c0000000,0x00000006c0004000,0x00000006cab00000)
 Metaspace       used 17518K, capacity 17990K, committed 18048K, reserved 1064960K
  class space    used 2065K, capacity 2171K, committed 2176K, reserved 1048576K
Event: 3.074 GC heap after
Heap after GC invocations=2 (full 0):
 PSYoungGen      total 76288K, used 10723K [0x000000076ab00000, 0x0000000770000000, 0x00000007c0000000)
  eden space 65536K, 0% used [0x000000076ab00000,0x000000076ab00000,0x000000076eb00000)
  from space 10752K, 99% used [0x000000076f580000,0x000000076fff8c68,0x0000000770000000)
  to   space 10752K, 0% used [0x000000076eb00000,0x000000076eb00000,0x000000076f580000)
 ParOldGen       total 175104K, used 1184K [0x00000006c0000000, 0x00000006cab00000, 0x000000076ab00000)
  object space 175104K, 0% used [0x00000006c0000000,0x00000006c0128160,0x00000006cab00000)
 Metaspace       used 17518K, capacity 17990K, committed 18048K, reserved 1064960K
  class space    used 2065K, capacity 2171K, committed 2176K, reserved 1048576K
}
Event: 4.199 GC heap before
{Heap before GC invocations=3 (full 0):
 PSYoungGen      total 76288K, used 76219K [0x000000076ab00000, 0x0000000770000000, 0x00000007c0000000)
  eden space 65536K, 99% used [0x000000076ab00000,0x000000076eaf6230,0x000000076eb00000)
  from space 10752K, 99% used [0x000000076f580000,0x000000076fff8c68,0x0000000770000000)
  to   space 10752K, 0% used [0x000000076eb00000,0x000000076eb00000,0x000000076f580000)
 ParOldGen       total 175104K, used 1184K [0x00000006c0000000, 0x00000006cab00000, 0x000000076ab00000)
  object space 175104K, 0% used [0x00000006c0000000,0x00000006c0128160,0x00000006cab00000)
 Metaspace       used 19896K, capacity 20384K, committed 20736K, reserved 1067008K
  class space    used 2304K, capacity 2444K, committed 2560K, reserved 1048576K
Event: 4.223 GC heap after
Heap after GC invocations=3 (full 0):
 PSYoungGen      total 76288K, used 10737K [0x000000076ab00000, 0x0000000774000000, 0x00000007c0000000)
  eden space 65536K, 0% used [0x000000076ab00000,0x000000076ab00000,0x000000076eb00000)
  from space 10752K, 99% used [0x000000076eb00000,0x000000076f57c610,0x000000076f580000)
  to   space 10752K, 0% used [0x0000000773580000,0x0000000773580000,0x0000000774000000)
 ParOldGen       total 175104K, used 9324K [0x00000006c0000000, 0x00000006cab00000, 0x000000076ab00000)
  object space 175104K, 5% used [0x00000006c0000000,0x00000006c091b168,0x00000006cab00000)
 Metaspace       used 19896K, capacity 20384K, committed 20736K, reserved 1067008K
  class space    used 2304K, capacity 2444K, committed 2560K, reserved 1048576K
}
Event: 4.378 GC heap before
{Heap before GC invocations=4 (full 0):
 PSYoungGen      total 76288K, used 31428K [0x000000076ab00000, 0x0000000774000000, 0x00000007c0000000)
  eden space 65536K, 31% used [0x000000076ab00000,0x000000076bf34be8,0x000000076eb00000)
  from space 10752K, 99% used [0x000000076eb00000,0x000000076f57c610,0x000000076f580000)
  to   space 10752K, 0% used [0x0000000773580000,0x0000000773580000,0x0000000774000000)
 ParOldGen       total 175104K, used 9324K [0x00000006c0000000, 0x00000006cab00000, 0x000000076ab00000)
  object space 175104K, 5% used [0x00000006c0000000,0x00000006c091b168,0x00000006cab00000)
 Metaspace       used 20659K, capacity 21126K, committed 21248K, reserved 1069056K
  class space    used 2328K, capacity 2477K, committed 2560K, reserved 1048576K

